2021-10-27 15:27:05,495:INFO:PyCaret Supervised Module
2021-10-27 15:27:05,495:INFO:ML Usecase: clustering
2021-10-27 15:27:05,495:INFO:version 2.3.4
2021-10-27 15:27:05,496:INFO:Initializing setup()
2021-10-27 15:27:05,496:INFO:setup(target=None, ml_usecase=clustering, available_plots={'cluster': 'Cluster PCA Plot (2d)', 'tsne': 'Cluster TSnE (3d)', 'elbow': 'Elbow', 'silhouette': 'Silhouette', 'distance': 'Distance', 'distribution': 'Distribution'}, train_size=0.7, test_data=None, preprocess=True, imputation_type=simple, iterative_imputation_iters=5, categorical_features=None, categorical_imputation=mode, categorical_iterative_imputer=lightgbm, ordinal_features=None, high_cardinality_features=None, high_cardinality_method=frequency, numeric_features=None, numeric_imputation=mean, numeric_iterative_imputer=lightgbm, date_features=None, ignore_features=['id', 'result_master_id', 'DDH_name', 'from_m', 'to_m', 'Sample_Length_m', 'Scan_Length_m', 'Scan_Recovery_pct', 'Comp(c/s)', 'Rayl(c/s)', 'LT(secs)', 'minaloggerlink'], normalize=True, normalize_method=zscore, transformation=False, transformation_method=yeo-johnson, handle_unknown_categorical=True, unknown_categorical_method=least_frequent, pca=False, pca_method=linear, pca_components=None, ignore_low_variance=False, combine_rare_levels=False, rare_level_threshold=0.1, bin_numeric_features=None, remove_outliers=False, outliers_threshold=0.05, remove_multicollinearity=False, multicollinearity_threshold=0.9, remove_perfect_collinearity=False, create_clusters=False, cluster_iter=20, polynomial_features=False, polynomial_degree=2, trigonometry_features=False, polynomial_threshold=0.1, group_features=None, group_names=None, feature_selection=False, feature_selection_threshold=0.8, feature_selection_method=classic, feature_interaction=False, feature_ratio=False, interaction_threshold=0.01, fix_imbalance=False, fix_imbalance_method=None, transform_target=False, transform_target_method=box-cox, data_split_shuffle=False, data_split_stratify=False, fold_strategy=kfold, fold=10, fold_shuffle=False, fold_groups=None, n_jobs=-1, use_gpu=False, custom_pipeline=None, html=True, session_id=123, log_experiment=False, experiment_name=None, log_plots=False, log_profile=False, log_data=False, silent=False, verbose=True, profile=False, profile_kwargs=None, display=None)
2021-10-27 15:27:05,496:INFO:Checking environment
2021-10-27 15:27:05,496:INFO:python_version: 3.8.12
2021-10-27 15:27:05,496:INFO:python_build: ('default', 'Oct 12 2021 06:23:56')
2021-10-27 15:27:05,496:INFO:machine: x86_64
2021-10-27 15:27:05,496:INFO:platform: macOS-10.16-x86_64-i386-64bit
2021-10-27 15:27:05,496:WARNING:cannot find psutil installation. memory not traceable. Install psutil using pip to enable memory logging.
2021-10-27 15:27:05,496:INFO:Checking libraries
2021-10-27 15:27:05,497:INFO:pd==1.3.4
2021-10-27 15:27:05,497:INFO:numpy==1.19.5
2021-10-27 15:27:05,497:INFO:sklearn==0.23.2
2021-10-27 15:27:05,497:INFO:lightgbm==3.3.0
2021-10-27 15:27:05,497:WARNING:catboost not found
2021-10-27 15:27:05,497:WARNING:xgboost not found
2021-10-27 15:27:05,749:INFO:mlflow==1.21.0
2021-10-27 15:27:05,749:INFO:Checking Exceptions
2021-10-27 15:27:05,749:INFO:Declaring global variables
2021-10-27 15:27:05,749:INFO:USI: 71b4
2021-10-27 15:27:05,749:INFO:pycaret_globals: {'_all_models_internal', 'fix_imbalance_method_param', 'transform_target_param', '_internal_pipeline', 'experiment__', 'iterative_imputation_iters_param', 'imputation_classifier', 'master_model_container', 'data_before_preprocess', 'seed', '_gpu_n_jobs_param', 'log_plots_param', '_ml_usecase', 'USI', 'stratify_param', 'fold_param', 'fold_groups_param', 'fold_groups_param_full', 'prep_pipe', '_available_plots', 'fold_shuffle_param', 'imputation_regressor', 'display_container', '_all_models', 'pycaret_globals', 'exp_name_log', 'X', '_all_metrics', 'transform_target_method_param', 'gpu_param', 'fix_imbalance_param', 'target_param', 'logging_param', 'fold_generator', 'create_model_container', 'html_param', 'n_jobs_param'}
2021-10-27 15:27:05,749:INFO:Preparing display monitor
2021-10-27 15:27:05,750:INFO:Preparing display monitor
2021-10-27 15:27:05,763:INFO:Importing libraries
2021-10-27 15:27:05,763:INFO:Copying data for preprocessing
2021-10-27 15:27:05,769:INFO:Declaring preprocessing parameters
2021-10-27 15:27:05,772:INFO:Creating preprocessing pipeline
2021-10-27 15:27:05,796:INFO:Preprocessing pipeline created successfully
2021-10-27 15:27:05,796:ERROR:(Process Exit): setup has been interupted with user command 'quit'. setup must rerun.
2021-10-27 15:27:05,796:INFO:Creating global containers
2021-10-27 15:27:05,798:INFO:Internal pipeline: Pipeline(memory=None, steps=[('empty_step', 'passthrough')], verbose=False)
2021-10-27 15:27:09,118:INFO:Creating grid variables
2021-10-27 15:27:09,127:INFO:create_model_container: 0
2021-10-27 15:27:09,127:INFO:master_model_container: 0
2021-10-27 15:27:09,127:INFO:display_container: 1
2021-10-27 15:27:09,131:INFO:Pipeline(memory=None,
         steps=[('dtypes',
                 DataTypes_Auto_infer(categorical_features=[],
                                      display_types=True,
                                      features_todrop=['id', 'result_master_id',
                                                       'DDH_name', 'from_m',
                                                       'to_m',
                                                       'Sample_Length_m',
                                                       'Scan_Length_m',
                                                       'Scan_Recovery_pct',
                                                       'Comp(c/s)', 'Rayl(c/s)',
                                                       'LT(secs)',
                                                       'minaloggerlink'],
                                      id_columns=['id', 'from_m', 'to_m'],
                                      ml_usecase='regression',
                                      numerical_featu...
                ('P_transform', 'passthrough'), ('binn', 'passthrough'),
                ('rem_outliers', 'passthrough'), ('cluster_all', 'passthrough'),
                ('dummy', Dummify(target='UNSUPERVISED_DUMMY_TARGET')),
                ('fix_perfect', 'passthrough'),
                ('clean_names', Clean_Colum_Names()),
                ('feature_select', 'passthrough'), ('fix_multi', 'passthrough'),
                ('dfs', 'passthrough'), ('pca', 'passthrough')],
         verbose=False)
2021-10-27 15:27:09,132:INFO:setup() succesfully completed......................................
2021-10-27 15:28:45,600:INFO:PyCaret Supervised Module
2021-10-27 15:28:45,600:INFO:ML Usecase: clustering
2021-10-27 15:28:45,600:INFO:version 2.3.4
2021-10-27 15:28:45,600:INFO:Initializing setup()
2021-10-27 15:28:45,600:INFO:setup(target=None, ml_usecase=clustering, available_plots={'cluster': 'Cluster PCA Plot (2d)', 'tsne': 'Cluster TSnE (3d)', 'elbow': 'Elbow', 'silhouette': 'Silhouette', 'distance': 'Distance', 'distribution': 'Distribution'}, train_size=0.7, test_data=None, preprocess=True, imputation_type=simple, iterative_imputation_iters=5, categorical_features=None, categorical_imputation=mode, categorical_iterative_imputer=lightgbm, ordinal_features=None, high_cardinality_features=None, high_cardinality_method=frequency, numeric_features=None, numeric_imputation=mean, numeric_iterative_imputer=lightgbm, date_features=None, ignore_features=['id', 'result_master_id', 'DDH_name', 'from_m', 'to_m', 'Sample_Length_m', 'Scan_Length_m', 'Scan_Recovery_pct', 'Comp(c/s)', 'Rayl(c/s)', 'LT(secs)', 'minaloggerlink'], normalize=True, normalize_method=zscore, transformation=False, transformation_method=yeo-johnson, handle_unknown_categorical=True, unknown_categorical_method=least_frequent, pca=False, pca_method=linear, pca_components=None, ignore_low_variance=False, combine_rare_levels=False, rare_level_threshold=0.1, bin_numeric_features=None, remove_outliers=False, outliers_threshold=0.05, remove_multicollinearity=False, multicollinearity_threshold=0.9, remove_perfect_collinearity=False, create_clusters=False, cluster_iter=20, polynomial_features=False, polynomial_degree=2, trigonometry_features=False, polynomial_threshold=0.1, group_features=None, group_names=None, feature_selection=False, feature_selection_threshold=0.8, feature_selection_method=classic, feature_interaction=False, feature_ratio=False, interaction_threshold=0.01, fix_imbalance=False, fix_imbalance_method=None, transform_target=False, transform_target_method=box-cox, data_split_shuffle=False, data_split_stratify=False, fold_strategy=kfold, fold=10, fold_shuffle=False, fold_groups=None, n_jobs=-1, use_gpu=False, custom_pipeline=None, html=True, session_id=123, log_experiment=False, experiment_name=None, log_plots=False, log_profile=False, log_data=False, silent=False, verbose=True, profile=False, profile_kwargs=None, display=None)
2021-10-27 15:28:45,601:INFO:Checking environment
2021-10-27 15:28:45,601:INFO:python_version: 3.8.12
2021-10-27 15:28:45,601:INFO:python_build: ('default', 'Oct 12 2021 06:23:56')
2021-10-27 15:28:45,601:INFO:machine: x86_64
2021-10-27 15:28:45,601:INFO:platform: macOS-10.16-x86_64-i386-64bit
2021-10-27 15:28:45,601:WARNING:cannot find psutil installation. memory not traceable. Install psutil using pip to enable memory logging.
2021-10-27 15:28:45,601:INFO:Checking libraries
2021-10-27 15:28:45,601:INFO:pd==1.3.4
2021-10-27 15:28:45,601:INFO:numpy==1.19.5
2021-10-27 15:28:45,601:INFO:sklearn==0.23.2
2021-10-27 15:28:45,601:INFO:lightgbm==3.3.0
2021-10-27 15:28:45,602:WARNING:catboost not found
2021-10-27 15:28:45,602:WARNING:xgboost not found
2021-10-27 15:28:45,602:INFO:mlflow==1.21.0
2021-10-27 15:28:45,602:INFO:Checking Exceptions
2021-10-27 15:28:45,602:INFO:Declaring global variables
2021-10-27 15:28:45,602:INFO:USI: 2885
2021-10-27 15:28:45,602:INFO:pycaret_globals: {'_all_models_internal', 'fix_imbalance_method_param', 'transform_target_param', '_internal_pipeline', 'experiment__', 'iterative_imputation_iters_param', 'imputation_classifier', 'master_model_container', 'data_before_preprocess', 'seed', '_gpu_n_jobs_param', 'log_plots_param', '_ml_usecase', 'USI', 'stratify_param', 'fold_param', 'fold_groups_param', 'fold_groups_param_full', 'prep_pipe', '_available_plots', 'fold_shuffle_param', 'imputation_regressor', 'display_container', '_all_models', 'pycaret_globals', 'exp_name_log', 'X', '_all_metrics', 'transform_target_method_param', 'gpu_param', 'fix_imbalance_param', 'target_param', 'logging_param', 'fold_generator', 'create_model_container', 'html_param', 'n_jobs_param'}
2021-10-27 15:28:45,602:INFO:Preparing display monitor
2021-10-27 15:28:45,602:INFO:Preparing display monitor
2021-10-27 15:28:45,611:INFO:Importing libraries
2021-10-27 15:28:45,611:INFO:Copying data for preprocessing
2021-10-27 15:28:45,619:INFO:Declaring preprocessing parameters
2021-10-27 15:28:45,621:INFO:Creating preprocessing pipeline
2021-10-27 15:28:45,647:INFO:Preprocessing pipeline created successfully
2021-10-27 15:28:45,648:ERROR:(Process Exit): setup has been interupted with user command 'quit'. setup must rerun.
2021-10-27 15:28:45,648:INFO:Creating global containers
2021-10-27 15:28:45,648:INFO:Internal pipeline: Pipeline(memory=None, steps=[('empty_step', 'passthrough')], verbose=False)
2021-10-27 15:28:50,393:INFO:Creating grid variables
2021-10-27 15:28:50,402:INFO:create_model_container: 0
2021-10-27 15:28:50,402:INFO:master_model_container: 0
2021-10-27 15:28:50,402:INFO:display_container: 1
2021-10-27 15:28:50,405:INFO:Pipeline(memory=None,
         steps=[('dtypes',
                 DataTypes_Auto_infer(categorical_features=[],
                                      display_types=True,
                                      features_todrop=['id', 'result_master_id',
                                                       'DDH_name', 'from_m',
                                                       'to_m',
                                                       'Sample_Length_m',
                                                       'Scan_Length_m',
                                                       'Scan_Recovery_pct',
                                                       'Comp(c/s)', 'Rayl(c/s)',
                                                       'LT(secs)',
                                                       'minaloggerlink'],
                                      id_columns=['id', 'from_m', 'to_m'],
                                      ml_usecase='regression',
                                      numerical_featu...
                ('P_transform', 'passthrough'), ('binn', 'passthrough'),
                ('rem_outliers', 'passthrough'), ('cluster_all', 'passthrough'),
                ('dummy', Dummify(target='UNSUPERVISED_DUMMY_TARGET')),
                ('fix_perfect', 'passthrough'),
                ('clean_names', Clean_Colum_Names()),
                ('feature_select', 'passthrough'), ('fix_multi', 'passthrough'),
                ('dfs', 'passthrough'), ('pca', 'passthrough')],
         verbose=False)
2021-10-27 15:28:50,406:INFO:setup() succesfully completed......................................
